<?xml version="1.0" encoding="UTF-8"?>
<testsuites>
  <testsuite id="0" name="/Users/cleriston/Personal/postfix-notation/test/postfix-notation.test.ts" errors="0" package="/Users/cleriston/Personal/postfix-notation/test/postfix-notation.test.ts" hostname="localhost" tests="8" failures="0" time="0.99" timestamp="2017-09-19T01:21:42">
    <properties>
    </properties>
    <testcase classname="postfix_notation" name="no file" time="0">
    </testcase>
    <testcase classname="file" name="best_case.csv" time="0">
    </testcase>
    <testcase classname="file" name="worst_case.csv" time="0">
    </testcase>
    <testcase classname="file" name="invalid_references.csv" time="0">
    </testcase>
    <testcase classname="file" name="empty.csv" time="0">
    </testcase>
    <testcase classname="file" name="only_columns.csv" time="0">
    </testcase>
    <testcase classname="file" name="only_rows.csv" time="0">
    </testcase>
    <testcase classname="file" name="big_file.csv" time="0">
    </testcase>
    <system-out/>
    <system-err/>
  </testsuite>
</testsuites>