<?xml version="1.0" encoding="UTF-8"?>
<testsuites>
  <testsuite id="0" name="/Users/cleriston/Personal/job-manager/test/job.test.ts" errors="0" package="/Users/cleriston/Personal/job-manager/test/job.test.ts" hostname="localhost" tests="3" failures="0" time="1.365" timestamp="2017-11-28T03:34:20">
    <properties>
    </properties>
    <testcase classname="key_manager" name="getAllActive" time="0">
    </testcase>
    <testcase classname="key_manager" name="getById" time="0">
    </testcase>
    <testcase classname="key_manager" name="save" time="0">
    </testcase>
    <system-out/>
    <system-err/>
  </testsuite>
</testsuites>